[     139ms] [LOG] %c Console Ninja extension is connected to Next.js browser, background: rgb(30,30,30); color: rgb(255,213,92) see https://tinyurl.com/2vt8jxzw for more info. @ :0
[     171ms] [INFO] %cDownload the React DevTools for a better development experience: https://react.dev/link/react-devtools font-weight:bold @ http://localhost:3000/_next/static/chunks/2fa61_next_dist_03c84882._.js:2307
[     250ms] [LOG] [HMR] connected @ http://localhost:3000/_next/static/chunks/2fa61_next_dist_03c84882._.js:2307
[     451ms] [LOG] Loading face models (attempt 1/3)... @ http://localhost:3000/_next/static/chunks/2fa61_next_dist_03c84882._.js:2307
[    1003ms] [LOG] Face models loaded successfully @ http://localhost:3000/_next/static/chunks/2fa61_next_dist_03c84882._.js:2307
[    1004ms] [LOG] [Fast Refresh] rebuilding @ http://localhost:3000/_next/static/chunks/2fa61_next_dist_03c84882._.js:2307
[    1004ms] [LOG] [Fast Refresh] done in 477ms @ http://localhost:3000/_next/static/chunks/2fa61_next_dist_03c84882._.js:2307
[   44642ms] [WARNING] Canvas2D: Multiple readback operations using getImageData are faster with the willReadFrequently attribute set to true. See: https://html.spec.whatwg.org/multipage/canvas.html#concept-canvas-will-read-frequently @ http://localhost:3000/_next/static/chunks/cb6a8_face-api_js_build_es6_2cfa2861._.js:2403
[   49084ms] [ERROR] Failed to load resource: the server responded with a status of 409 (Conflict) @ http://localhost:3000/api/lunch:0
[  105142ms] [LOG] %c Console Ninja extension is connected to Next.js browser, background: rgb(30,30,30); color: rgb(255,213,92) see https://tinyurl.com/2vt8jxzw for more info. @ :0
[  105150ms] [INFO] %cDownload the React DevTools for a better development experience: https://react.dev/link/react-devtools font-weight:bold @ http://localhost:3000/_next/static/chunks/2fa61_next_dist_03c84882._.js:2307
[  105189ms] [LOG] [HMR] connected @ http://localhost:3000/_next/static/chunks/2fa61_next_dist_03c84882._.js:2307
[  105367ms] [LOG] Loading face models (attempt 1/3)... @ http://localhost:3000/_next/static/chunks/2fa61_next_dist_03c84882._.js:2307
[  106003ms] [LOG] Face models loaded successfully @ http://localhost:3000/_next/static/chunks/2fa61_next_dist_03c84882._.js:2307
[  131675ms] [WARNING] Canvas2D: Multiple readback operations using getImageData are faster with the willReadFrequently attribute set to true. See: https://html.spec.whatwg.org/multipage/canvas.html#concept-canvas-will-read-frequently @ http://localhost:3000/_next/static/chunks/cb6a8_face-api_js_build_es6_2cfa2861._.js:2403
[  132854ms] [ERROR] Failed to load resource: the server responded with a status of 409 (Conflict) @ http://localhost:3000/api/lunch:0
[  154882ms] [LOG] [Fast Refresh] rebuilding @ http://localhost:3000/_next/static/chunks/2fa61_next_dist_03c84882._.js:2307
[  155722ms] [LOG] [Fast Refresh] done in 939ms @ http://localhost:3000/_next/static/chunks/2fa61_next_dist_03c84882._.js:2307
[  853518ms] [LOG] %c Console Ninja extension is connected to Next.js browser, background: rgb(30,30,30); color: rgb(255,213,92) see https://tinyurl.com/2vt8jxzw for more info. @ :0
[  853534ms] [INFO] %cDownload the React DevTools for a better development experience: https://react.dev/link/react-devtools font-weight:bold @ http://localhost:3000/_next/static/chunks/2fa61_next_dist_03c84882._.js:2307
[  853572ms] [LOG] [HMR] connected @ http://localhost:3000/_next/static/chunks/2fa61_next_dist_03c84882._.js:2307
[  853749ms] [LOG] Loading face models (attempt 1/3)... @ http://localhost:3000/_next/static/chunks/2fa61_next_dist_03c84882._.js:2307
[  854163ms] [LOG] Face models loaded successfully @ http://localhost:3000/_next/static/chunks/2fa61_next_dist_03c84882._.js:2307
